#
# There is insufficient memory for the Java Runtime Environment to continue.
# Native memory allocation (mmap) failed to map 268435456 bytes for Failed to commit area from 0x0000000701200000 to 0x0000000711200000 of length 268435456.
# Possible reasons:
#   The system is out of physical RAM or swap space
#   The process is running with CompressedOops enabled, and the Java Heap may be blocking the growth of the native heap
# Possible solutions:
#   Reduce memory load on the system
#   Increase physical memory or swap space
#   Check if swap backing store is full
#   Decrease Java heap size (-Xmx/-Xms)
#   Decrease number of Java threads
#   Decrease Java thread stack sizes (-Xss)
#   Set larger code cache with -XX:ReservedCodeCacheSize=
# This output file may be truncated or incomplete.
#
#  Out of Memory Error (t:/workspace/open/src/hotspot/os/windows/os_windows.cpp:3269), pid=18860, tid=16096
#
# JRE version:  (11.0+28) (build )
# Java VM: OpenJDK 64-Bit Server VM (11+28, mixed mode, aot, sharing, tiered, compressed oops, g1 gc, windows-amd64)
# No core dump will be written. Minidumps are not enabled by default on client versions of Windows
#

---------------  S U M M A R Y ------------

Command Line: -agentlib:jdwp=transport=dt_socket,suspend=y,address=localhost:61087 -javaagent:C:\Users\admin\Desktop\java&tool\sts-bundle\sts-3.9.18.RELEASE\configuration\org.eclipse.osgi\312\0\.cp\lib\javaagent-shaded.jar -Dfile.encoding=UTF-8 sec01.exam01.ArrayExam

Host: Intel(R) Core(TM) i7-4770 CPU @ 3.40GHz, 8 cores, 15G,  Windows 10 , 64 bit Build 19041 (10.0.19041.5072)
Time: Wed Dec  4 15:36:22 2024 대한민국 표준시 elapsed time: 0 seconds (0d 0h 0m 0s)

---------------  T H R E A D  ---------------

Current thread (0x00000166d7aec800):  JavaThread "Unknown thread" [_thread_in_vm, id=16096, stack(0x00000023b4700000,0x00000023b4800000)]

Stack: [0x00000023b4700000,0x00000023b4800000]
Native frames: (J=compiled Java code, j=interpreted, Vv=VM code, C=native code)
V  [jvm.dll+0x63adaa]
V  [jvm.dll+0x77852f]
V  [jvm.dll+0x779b18]
V  [jvm.dll+0x77a1d3]
V  [jvm.dll+0x2624c8]
V  [jvm.dll+0x63825a]
V  [jvm.dll+0x62cb15]
V  [jvm.dll+0x31563c]
V  [jvm.dll+0x3154c2]
V  [jvm.dll+0x31ad36]
V  [jvm.dll+0x36726f]
V  [jvm.dll+0x366c90]
V  [jvm.dll+0x2f2378]
V  [jvm.dll+0x2f34d6]
V  [jvm.dll+0x7517d7]
V  [jvm.dll+0x752f1f]
V  [jvm.dll+0x374099]
V  [jvm.dll+0x738059]
V  [jvm.dll+0x3e35fd]
V  [jvm.dll+0x3e5961]
C  [javaw.exe+0x3613]
C  [javaw.exe+0x17a6c]
C  [KERNEL32.DLL+0x17374]
C  [ntdll.dll+0x4cc91]


---------------  P R O C E S S  ---------------

Threads class SMR info:
_java_thread_list=0x00000166d60bfb40, length=0, elements={
}

Java Threads: ( => current thread )

Other Threads:
  0x00000166d7b04800 GCTaskThread "GC Thread#0" [stack: 0x00000023b4800000,0x00000023b4900000] [id=7364]
  0x00000166d7b60000 ConcurrentGCThread "G1 Main Marker" [stack: 0x00000023b4900000,0x00000023b4a00000] [id=1452]
  0x00000166d7b61000 ConcurrentGCThread "G1 Conc#0" [stack: 0x00000023b4a00000,0x00000023b4b00000] [id=3452]

[error occurred during error reporting (printing all threads), id 0xc0000005, EXCEPTION_ACCESS_VIOLATION (0xc0000005) at pc=0x00007ffa4d3a0d37]

VM state:not at safepoint (not fully initialized)

VM Mutex/Monitor currently owned by a thread:  ([mutex/lock_event])
[0x00000166d7ae91c0] Heap_lock - owner thread: 0x00000166d7aec800

Heap address: 0x0000000701200000, size: 4078 MB, Compressed Oops mode: Non-zero based: 0x0000000701200000
Narrow klass base: 0x0000000000000000, Narrow klass shift: 0

GC Heap History (0 events):
No events

Deoptimization events (0 events):
No events

Classes redefined (0 events):
No events

Internal exceptions (0 events):
No events

Events (0 events):
No events


Dynamic libraries:
0x00007ff60d070000 - 0x00007ff60d0b5000 	C:\Users\admin\Desktop\java&tool\jdk-11\bin\javaw.exe
0x00007ffab2af0000 - 0x00007ffab2ce8000 	C:\WINDOWS\SYSTEM32\ntdll.dll
0x00007ffab2830000 - 0x00007ffab28f2000 	C:\WINDOWS\System32\KERNEL32.DLL
0x00007ffab0190000 - 0x00007ffab048e000 	C:\WINDOWS\System32\KERNELBASE.dll
0x00007ffab0c50000 - 0x00007ffab0ded000 	C:\WINDOWS\System32\USER32.dll
0x00007ffab0a30000 - 0x00007ffab0a52000 	C:\WINDOWS\System32\win32u.dll
0x00007ffab2900000 - 0x00007ffab292b000 	C:\WINDOWS\System32\GDI32.dll
0x00007ffab0530000 - 0x00007ffab0647000 	C:\WINDOWS\System32\gdi32full.dll
0x00007ffab0490000 - 0x00007ffab052d000 	C:\WINDOWS\System32\msvcp_win.dll
0x00007ffab0740000 - 0x00007ffab0840000 	C:\WINDOWS\System32\ucrtbase.dll
0x00007ffa97680000 - 0x00007ffa9791a000 	C:\WINDOWS\WinSxS\amd64_microsoft.windows.common-controls_6595b64144ccf1df_6.0.19041.4355_none_60b8b9eb71f62e16\COMCTL32.dll
0x00007ffab0e00000 - 0x00007ffab0e9e000 	C:\WINDOWS\System32\msvcrt.dll
0x00007ffab2760000 - 0x00007ffab278f000 	C:\WINDOWS\System32\IMM32.DLL
0x00007ffaa9a00000 - 0x00007ffaa9a16000 	C:\Users\admin\Desktop\java&tool\jdk-11\bin\vcruntime140.dll
0x00007ffa89c10000 - 0x00007ffa89cba000 	C:\Users\admin\Desktop\java&tool\jdk-11\bin\msvcp140.dll
0x00007ffa4d0a0000 - 0x00007ffa4dbe1000 	C:\Users\admin\Desktop\java&tool\jdk-11\bin\server\jvm.dll
0x00007ffab1790000 - 0x00007ffab1841000 	C:\WINDOWS\System32\ADVAPI32.dll
0x00007ffab2790000 - 0x00007ffab282f000 	C:\WINDOWS\System32\sechost.dll
0x00007ffab1850000 - 0x00007ffab1973000 	C:\WINDOWS\System32\RPCRT4.dll
0x00007ffab06c0000 - 0x00007ffab06e7000 	C:\WINDOWS\System32\bcrypt.dll
0x00007ffab1a60000 - 0x00007ffab1a68000 	C:\WINDOWS\System32\PSAPI.DLL
0x00007ffaa99f0000 - 0x00007ffaa99f9000 	C:\WINDOWS\SYSTEM32\WSOCK32.dll
0x00007ffa99310000 - 0x00007ffa99337000 	C:\WINDOWS\SYSTEM32\WINMM.dll
0x00007ffaa8620000 - 0x00007ffaa862a000 	C:\WINDOWS\SYSTEM32\VERSION.dll
0x00007ffab19e0000 - 0x00007ffab1a4b000 	C:\WINDOWS\System32\WS2_32.dll
0x00007ffaae030000 - 0x00007ffaae042000 	C:\WINDOWS\SYSTEM32\kernel.appcore.dll
0x00007ffaa9990000 - 0x00007ffaa99a1000 	C:\Users\admin\Desktop\java&tool\jdk-11\bin\verify.dll
0x00007ffaa24e0000 - 0x00007ffaa26c4000 	C:\WINDOWS\SYSTEM32\DBGHELP.DLL
0x00007ffa9dc90000 - 0x00007ffa9dcc4000 	C:\WINDOWS\SYSTEM32\dbgcore.DLL
0x00007ffab09a0000 - 0x00007ffab0a22000 	C:\WINDOWS\System32\bcryptPrimitives.dll
0x00007ffaa03b0000 - 0x00007ffaa03d8000 	C:\Users\admin\Desktop\java&tool\jdk-11\bin\java.dll
0x00007ffaa1a10000 - 0x00007ffaa1a47000 	C:\Users\admin\Desktop\java&tool\jdk-11\bin\jdwp.dll
0x00007ffaa19e0000 - 0x00007ffaa1a0f000 	C:\Users\admin\Desktop\java&tool\jdk-11\bin\instrument.dll
0x00007ffaa8e20000 - 0x00007ffaa8e36000 	C:\Users\admin\Desktop\java&tool\jdk-11\bin\zip.dll
0x00007ffaa9910000 - 0x00007ffaa991a000 	C:\Users\admin\Desktop\java&tool\jdk-11\bin\jimage.dll

dbghelp: loaded successfully - version: 4.0.5 - missing functions: none
symbol engine: initialized successfully - sym options: 0x614 - pdb path: .;C:\Users\admin\Desktop\java&tool\jdk-11\bin;C:\WINDOWS\SYSTEM32;C:\WINDOWS\WinSxS\amd64_microsoft.windows.common-controls_6595b64144ccf1df_6.0.19041.4355_none_60b8b9eb71f62e16;C:\Users\admin\Desktop\java&tool\jdk-11\bin\server

VM Arguments:
jvm_args: -agentlib:jdwp=transport=dt_socket,suspend=y,address=localhost:61087 -javaagent:C:\Users\admin\Desktop\java&tool\sts-bundle\sts-3.9.18.RELEASE\configuration\org.eclipse.osgi\312\0\.cp\lib\javaagent-shaded.jar -Dfile.encoding=UTF-8 
java_command: sec01.exam01.ArrayExam
java_class_path (initial): D:\workspace\worksace_java\chap05\bin
Launcher Type: SUN_STANDARD

[Global flags]
     intx CICompilerCount                          = 4                                         {product} {ergonomic}
     uint ConcGCThreads                            = 2                                         {product} {ergonomic}
     uint G1ConcRefinementThreads                  = 8                                         {product} {ergonomic}
   size_t G1HeapRegionSize                         = 1048576                                   {product} {ergonomic}
    uintx GCDrainStackTargetSize                   = 64                                        {product} {ergonomic}
   size_t InitialHeapSize                          = 268435456                                 {product} {ergonomic}
   size_t MarkStackSize                            = 4194304                                   {product} {ergonomic}
   size_t MaxHeapSize                              = 4276092928                                {product} {ergonomic}
   size_t MinHeapDeltaBytes                        = 1048576                                   {product} {ergonomic}
    uintx NonNMethodCodeHeapSize                   = 5835340                                {pd product} {ergonomic}
    uintx NonProfiledCodeHeapSize                  = 122911450                              {pd product} {ergonomic}
    uintx ProfiledCodeHeapSize                     = 122911450                              {pd product} {ergonomic}
    uintx ReservedCodeCacheSize                    = 251658240                              {pd product} {ergonomic}
     bool SegmentedCodeCache                       = true                                      {product} {ergonomic}
     bool UseCompressedClassPointers               = true                                 {lp64_product} {ergonomic}
     bool UseCompressedOops                        = true                                 {lp64_product} {ergonomic}
     bool UseG1GC                                  = true                                      {product} {ergonomic}
     bool UseLargePagesIndividualAllocation        = false                                  {pd product} {ergonomic}

Logging:
Log output configuration:
 #0: stdout all=warning uptime,level,tags
 #1: stderr all=off uptime,level,tags

Environment Variables:
PATH=C:/Users/admin/Desktop/java&tool/jdk-11/bin/server;C:/Users/admin/Desktop/java&tool/jdk-11/bin;C:\WINDOWS\system32;C:\WINDOWS;C:\WINDOWS\System32\Wbem;C:\WINDOWS\System32\WindowsPowerShell\v1.0\;C:\WINDOWS\System32\OpenSSH\;C:\Program Files\Bandizip\;C:\Users\admin\AppData\Local\Microsoft\WindowsApps;;C:\Users\admin\Desktop\java&tool\sts-bundle\sts-3.9.18.RELEASE;
USERNAME=admin
OS=Windows_NT
PROCESSOR_IDENTIFIER=Intel64 Family 6 Model 60 Stepping 3, GenuineIntel



---------------  S Y S T E M  ---------------

OS: Windows 10 , 64 bit Build 19041 (10.0.19041.5072)

CPU:total 8 (initial active 8) (4 cores per cpu, 2 threads per core) family 6 model 60 stepping 3, cmov, cx8, fxsr, mmx, sse, sse2, sse3, ssse3, sse4.1, sse4.2, popcnt, avx, avx2, aes, clmul, erms, lzcnt, ht, tsc, tscinvbit, bmi1, bmi2, fma

Memory: 4k page, system-wide physical 16305M (8090M free)
TotalPageFile size 30479M (AvailPageFile size 44M)
current process WorkingSet (physical memory assigned to process): 10M, peak: 10M
current process commit charge ("private bytes"): 60M, peak: 316M

vm_info: OpenJDK 64-Bit Server VM (11+28) for windows-amd64 JRE (11+28), built on Aug 23 2018 03:04:58 by "mach5one" with MS VC++ 15.5 (VS2017)

END.
